c:\users\user5\desktop\graph\graph\debug\imp.obj
c:\users\user5\desktop\graph\graph\debug\main.obj
c:\users\user5\desktop\graph\graph\debug\vc100.pdb
c:\users\user5\desktop\graph\debug\graph.exe
c:\users\user5\desktop\graph\graph\debug\graph.exe.intermediate.manifest
c:\users\user5\desktop\graph\debug\graph.pdb
c:\users\user5\desktop\graph\graph\debug\graph.exe.embed.manifest.res
c:\users\abeer\desktop\graph\graph\debug\vc140.pdb
c:\users\abeer\desktop\graph\graph\debug\vc140.idb
c:\users\abeer\desktop\graph\graph\debug\imp.obj
c:\users\abeer\desktop\graph\graph\debug\main.obj
c:\users\abeer\desktop\graph\graph\debug\graph.vcxprojresolveassemblyreference.cache
c:\users\abeer\desktop\graph\graph\debug\cl.command.1.tlog
c:\users\abeer\desktop\graph\graph\debug\cl.read.1.tlog
c:\users\abeer\desktop\graph\graph\debug\cl.write.1.tlog
c:\users\abeer\desktop\graph\graph\debug\graph.write.1.tlog
c:\users\abeer\desktop\graph\graph\debug\link.command.1.tlog
c:\users\abeer\desktop\graph\graph\debug\link.read.1.tlog
c:\users\abeer\desktop\graph\graph\debug\link.write.1.tlog
c:\users\abeer\desktop\graph\graph\debug\mt.command.1.tlog
c:\users\abeer\desktop\graph\graph\debug\mt.read.1.tlog
c:\users\abeer\desktop\graph\graph\debug\mt.write.1.tlog
c:\users\abeer\desktop\graph\graph\debug\rc.command.1.tlog
c:\users\abeer\desktop\graph\graph\debug\rc.read.1.tlog
c:\users\abeer\desktop\graph\graph\debug\rc.write.1.tlog
c:\users\abeer\desktop\graph\graph\debug\graph.exe.embed.manifest
c:\users\abeer\desktop\graph\graph\debug\graph.exe.intermediate.manifest
c:\users\abeer\desktop\graph\graph\debug\graph.exe.embed.manifest.res
c:\users\abeer\desktop\graph\graph\debug\vc100.idb
c:\users\abeer\desktop\graph\graph\debug\vc100.pdb
c:\users\abeer\desktop\graph\graph\debug\graph_manifest.rc
c:\users\abeer\desktop\graph\debug\graph.pdb
c:\users\abeer\desktop\graph\graph\debug\graph.tlog\cl.command.1.tlog
c:\users\abeer\desktop\graph\graph\debug\graph.tlog\cl.read.1.tlog
c:\users\abeer\desktop\graph\graph\debug\graph.tlog\cl.write.1.tlog
c:\users\abeer\desktop\graph\graph\debug\graph.tlog\link-cvtres.read.1.tlog
c:\users\abeer\desktop\graph\graph\debug\graph.tlog\link-cvtres.write.1.tlog
c:\users\abeer\desktop\graph\graph\debug\graph.tlog\link-rc.read.1.tlog
c:\users\abeer\desktop\graph\graph\debug\graph.tlog\link-rc.write.1.tlog
c:\users\abeer\desktop\graph\graph\debug\graph.tlog\link.command.1.tlog
c:\users\abeer\desktop\graph\graph\debug\graph.tlog\link.read.1.tlog
c:\users\abeer\desktop\graph\graph\debug\graph.tlog\link.write.1.tlog
